{"/home/dima/hexlet/frontend-MVC/src/Example.js": {"path":"/home/dima/hexlet/frontend-MVC/src/Example.js","statementMap":{"0":{"start":{"line":3,"column":4},"end":{"line":3,"column":27}},"1":{"start":{"line":7,"column":4},"end":{"line":22,"column":10}}},"fnMap":{"0":{"name":"(anonymous_0)","decl":{"start":{"line":2,"column":2},"end":{"line":2,"column":3}},"loc":{"start":{"line":2,"column":23},"end":{"line":4,"column":3}},"line":2},"1":{"name":"(anonymous_1)","decl":{"start":{"line":6,"column":2},"end":{"line":6,"column":3}},"loc":{"start":{"line":6,"column":9},"end":{"line":23,"column":3}},"line":6}},"branchMap":{},"s":{"0":1,"1":1},"f":{"0":1,"1":1},"b":{},"_coverageSchema":"1a1c01bbd47fc00a2c39e90264f33305004495a9","hash":"93a2ad764f830bee24801d955663a47d1a87d49f"}
,"/home/dima/hexlet/frontend-MVC/src/init.js": {"path":"/home/dima/hexlet/frontend-MVC/src/init.js","statementMap":{"0":{"start":{"line":9,"column":17},"end":{"line":11,"column":4}},"1":{"start":{"line":13,"column":16},"end":{"line":20,"column":3}},"2":{"start":{"line":22,"column":18},"end":{"line":22,"column":50}},"3":{"start":{"line":23,"column":14},"end":{"line":23,"column":34}},"4":{"start":{"line":24,"column":2},"end":{"line":24,"column":13}},"5":{"start":{"line":27,"column":23},"end":{"line":57,"column":4}},"6":{"start":{"line":28,"column":4},"end":{"line":28,"column":39}},"7":{"start":{"line":29,"column":4},"end":{"line":36,"column":5}},"8":{"start":{"line":30,"column":6},"end":{"line":30,"column":43}},"9":{"start":{"line":31,"column":6},"end":{"line":31,"column":47}},"10":{"start":{"line":33,"column":6},"end":{"line":33,"column":92}},"11":{"start":{"line":34,"column":6},"end":{"line":34,"column":20}},"12":{"start":{"line":35,"column":6},"end":{"line":35,"column":13}},"13":{"start":{"line":37,"column":19},"end":{"line":37,"column":55}},"14":{"start":{"line":38,"column":4},"end":{"line":50,"column":5}},"15":{"start":{"line":39,"column":6},"end":{"line":39,"column":36}},"16":{"start":{"line":40,"column":19},"end":{"line":40,"column":60}},"17":{"start":{"line":41,"column":6},"end":{"line":46,"column":7}},"18":{"start":{"line":42,"column":8},"end":{"line":42,"column":49}},"19":{"start":{"line":43,"column":8},"end":{"line":43,"column":45}},"20":{"start":{"line":44,"column":8},"end":{"line":44,"column":22}},"21":{"start":{"line":45,"column":8},"end":{"line":45,"column":15}},"22":{"start":{"line":47,"column":6},"end":{"line":47,"column":46}},"23":{"start":{"line":48,"column":6},"end":{"line":48,"column":20}},"24":{"start":{"line":49,"column":6},"end":{"line":49,"column":13}},"25":{"start":{"line":51,"column":4},"end":{"line":53,"column":7}},"26":{"start":{"line":52,"column":6},"end":{"line":52,"column":42}},"27":{"start":{"line":54,"column":4},"end":{"line":54,"column":45}},"28":{"start":{"line":55,"column":4},"end":{"line":55,"column":53}},"29":{"start":{"line":56,"column":4},"end":{"line":56,"column":18}},"30":{"start":{"line":59,"column":2},"end":{"line":65,"column":5}},"31":{"start":{"line":60,"column":4},"end":{"line":60,"column":23}},"32":{"start":{"line":61,"column":4},"end":{"line":61,"column":37}},"33":{"start":{"line":62,"column":21},"end":{"line":62,"column":43}},"34":{"start":{"line":63,"column":17},"end":{"line":63,"column":45}},"35":{"start":{"line":64,"column":4},"end":{"line":64,"column":49}}},"fnMap":{"0":{"name":"(anonymous_0)","decl":{"start":{"line":8,"column":15},"end":{"line":8,"column":16}},"loc":{"start":{"line":8,"column":21},"end":{"line":66,"column":1}},"line":8},"1":{"name":"(anonymous_1)","decl":{"start":{"line":27,"column":39},"end":{"line":27,"column":40}},"loc":{"start":{"line":27,"column":62},"end":{"line":57,"column":3}},"line":27},"2":{"name":"(anonymous_2)","decl":{"start":{"line":51,"column":48},"end":{"line":51,"column":49}},"loc":{"start":{"line":51,"column":57},"end":{"line":53,"column":5}},"line":51},"3":{"name":"(anonymous_3)","decl":{"start":{"line":59,"column":60},"end":{"line":59,"column":61}},"loc":{"start":{"line":59,"column":67},"end":{"line":65,"column":3}},"line":59}},"branchMap":{"0":{"loc":{"start":{"line":29,"column":4},"end":{"line":36,"column":5}},"type":"if","locations":[{"start":{"line":29,"column":4},"end":{"line":36,"column":5}},{"start":{"line":29,"column":4},"end":{"line":36,"column":5}}],"line":29},"1":{"loc":{"start":{"line":38,"column":4},"end":{"line":50,"column":5}},"type":"if","locations":[{"start":{"line":38,"column":4},"end":{"line":50,"column":5}},{"start":{"line":38,"column":4},"end":{"line":50,"column":5}}],"line":38},"2":{"loc":{"start":{"line":41,"column":6},"end":{"line":46,"column":7}},"type":"if","locations":[{"start":{"line":41,"column":6},"end":{"line":46,"column":7}},{"start":{"line":41,"column":6},"end":{"line":46,"column":7}}],"line":41}},"s":{"0":1,"1":1,"2":1,"3":1,"4":1,"5":1,"6":0,"7":0,"8":0,"9":0,"10":0,"11":0,"12":0,"13":0,"14":0,"15":0,"16":0,"17":0,"18":0,"19":0,"20":0,"21":0,"22":0,"23":0,"24":0,"25":0,"26":0,"27":0,"28":0,"29":0,"30":1,"31":0,"32":0,"33":0,"34":0,"35":0},"f":{"0":1,"1":0,"2":0,"3":0},"b":{"0":[0,0],"1":[0,0],"2":[0,0]},"_coverageSchema":"1a1c01bbd47fc00a2c39e90264f33305004495a9","hash":"d037dea61449ef0bc316d1c99fa5b2ddf4e8884e"}
,"/home/dima/hexlet/frontend-MVC/src/isWorking.js": {"path":"/home/dima/hexlet/frontend-MVC/src/isWorking.js","statementMap":{"0":{"start":{"line":3,"column":16},"end":{"line":10,"column":1}},"1":{"start":{"line":4,"column":2},"end":{"line":9,"column":3}},"2":{"start":{"line":5,"column":19},"end":{"line":5,"column":39}},"3":{"start":{"line":6,"column":4},"end":{"line":6,"column":25}},"4":{"start":{"line":8,"column":4},"end":{"line":8,"column":17}}},"fnMap":{"0":{"name":"(anonymous_0)","decl":{"start":{"line":3,"column":16},"end":{"line":3,"column":17}},"loc":{"start":{"line":3,"column":31},"end":{"line":10,"column":1}},"line":3}},"branchMap":{},"s":{"0":1,"1":0,"2":0,"3":0,"4":0},"f":{"0":0},"b":{},"_coverageSchema":"1a1c01bbd47fc00a2c39e90264f33305004495a9","hash":"d73750da37efea5dfe9d52eae6a5a2dd2f82bada"}
,"/home/dima/hexlet/frontend-MVC/src/render.js": {"path":"/home/dima/hexlet/frontend-MVC/src/render.js","statementMap":{"0":{"start":{"line":4,"column":12},"end":{"line":4,"column":13}},"1":{"start":{"line":6,"column":15},"end":{"line":27,"column":1}},"2":{"start":{"line":7,"column":17},"end":{"line":7,"column":45}},"3":{"start":{"line":8,"column":2},"end":{"line":26,"column":3}},"4":{"start":{"line":10,"column":6},"end":{"line":10,"column":94}},"5":{"start":{"line":11,"column":6},"end":{"line":11,"column":38}},"6":{"start":{"line":12,"column":6},"end":{"line":12,"column":12}},"7":{"start":{"line":14,"column":6},"end":{"line":14,"column":59}},"8":{"start":{"line":15,"column":6},"end":{"line":15,"column":78}},"9":{"start":{"line":16,"column":20},"end":{"line":16,"column":48}},"10":{"start":{"line":17,"column":6},"end":{"line":18,"column":60}},"11":{"start":{"line":19,"column":6},"end":{"line":19,"column":58}},"12":{"start":{"line":20,"column":6},"end":{"line":20,"column":38}},"13":{"start":{"line":21,"column":6},"end":{"line":21,"column":17}},"14":{"start":{"line":22,"column":6},"end":{"line":22,"column":12}},"15":{"start":{"line":24,"column":6},"end":{"line":24,"column":29}},"16":{"start":{"line":25,"column":6},"end":{"line":25,"column":12}}},"fnMap":{"0":{"name":"(anonymous_0)","decl":{"start":{"line":6,"column":15},"end":{"line":6,"column":16}},"loc":{"start":{"line":6,"column":32},"end":{"line":27,"column":1}},"line":6}},"branchMap":{"0":{"loc":{"start":{"line":8,"column":2},"end":{"line":26,"column":3}},"type":"switch","locations":[{"start":{"line":9,"column":4},"end":{"line":12,"column":12}},{"start":{"line":13,"column":4},"end":{"line":22,"column":12}},{"start":{"line":23,"column":4},"end":{"line":25,"column":12}}],"line":8}},"s":{"0":1,"1":1,"2":0,"3":0,"4":0,"5":0,"6":0,"7":0,"8":0,"9":0,"10":0,"11":0,"12":0,"13":0,"14":0,"15":0,"16":0},"f":{"0":0},"b":{"0":[0,0,0]},"_coverageSchema":"1a1c01bbd47fc00a2c39e90264f33305004495a9","hash":"aef01157061fb289e8c2be81b69e761a38b577ec"}
}
